{
  "0 debug pnpm:scope": {
    "selected": 1
  },
  "1 debug pnpm:package-manifest": {
    "initial": {},
    "prefix": "D:\\.pnpm-store\\v3\\tmp\\dlx-7596"
  },
  "2 debug pnpm:context": {
    "currentLockfileExists": false,
    "storeDir": "D:\\.pnpm-store\\v3",
    "virtualStoreDir": "D:\\.pnpm-store\\v3\\tmp\\dlx-7596\\node_modules\\.pnpm"
  },
  "3 debug pnpm:stage": {
    "prefix": "D:\\.pnpm-store\\v3\\tmp\\dlx-7596",
    "stage": "resolution_started"
  },
  "4 debug pnpm:request-retry": {
    "attempt": 1,
    "error": {
      "type": "system",
      "errno": "ETIMEDOUT",
      "code": "ETIMEDOUT",
      "erroredSysCall": "connect"
    },
    "maxRetries": 2,
    "method": "GET",
    "timeout": 10000,
    "url": "https://registry.npmjs.org/create-svelte"
  },
  "5 debug pnpm:_dependency_resolved": {
    "resolution": "registry.npmjs.org/create-svelte/4.2.0",
    "wanted": {
      "dependentId": ".",
      "name": "create-svelte",
      "rawSpec": "latest"
    }
  },
  "6 debug pnpm:progress": {
    "packageId": "registry.npmjs.org/create-svelte/4.2.0",
    "requester": "D:\\.pnpm-store\\v3\\tmp\\dlx-7596",
    "status": "resolved"
  },
  "7 debug pnpm:progress": {
    "packageId": "registry.npmjs.org/create-svelte/4.2.0",
    "requester": "D:\\.pnpm-store\\v3\\tmp\\dlx-7596",
    "status": "found_in_store"
  },
  "8 debug pnpm:_dependency_resolved": {
    "resolution": "registry.npmjs.org/kleur/4.1.5",
    "wanted": {
      "dependentId": "/create-svelte/4.2.0",
      "name": "kleur",
      "rawSpec": "^4.1.5"
    }
  },
  "9 debug pnpm:progress": {
    "packageId": "registry.npmjs.org/kleur/4.1.5",
    "requester": "D:\\.pnpm-store\\v3\\tmp\\dlx-7596",
    "status": "resolved"
  },
  "10 debug pnpm:progress": {
    "packageId": "registry.npmjs.org/kleur/4.1.5",
    "requester": "D:\\.pnpm-store\\v3\\tmp\\dlx-7596",
    "status": "found_in_store"
  },
  "11 debug pnpm:_dependency_resolved": {
    "resolution": "registry.npmjs.org/@clack/prompts/0.6.3",
    "wanted": {
      "dependentId": "/create-svelte/4.2.0",
      "name": "@clack/prompts",
      "rawSpec": "^0.6.3"
    }
  },
  "12 debug pnpm:progress": {
    "packageId": "registry.npmjs.org/@clack/prompts/0.6.3",
    "requester": "D:\\.pnpm-store\\v3\\tmp\\dlx-7596",
    "status": "resolved"
  },
  "13 debug pnpm:progress": {
    "packageId": "registry.npmjs.org/@clack/prompts/0.6.3",
    "requester": "D:\\.pnpm-store\\v3\\tmp\\dlx-7596",
    "status": "found_in_store"
  },
  "14 debug pnpm:_dependency_resolved": {
    "resolution": "registry.npmjs.org/picocolors/1.0.0",
    "wanted": {
      "dependentId": "/@clack/prompts/0.6.3",
      "name": "picocolors",
      "rawSpec": "^1.0.0"
    }
  },
  "15 debug pnpm:progress": {
    "packageId": "registry.npmjs.org/picocolors/1.0.0",
    "requester": "D:\\.pnpm-store\\v3\\tmp\\dlx-7596",
    "status": "resolved"
  },
  "16 debug pnpm:progress": {
    "packageId": "registry.npmjs.org/picocolors/1.0.0",
    "requester": "D:\\.pnpm-store\\v3\\tmp\\dlx-7596",
    "status": "found_in_store"
  },
  "17 debug pnpm:_dependency_resolved": {
    "resolution": "registry.npmjs.org/sisteransi/1.0.5",
    "wanted": {
      "dependentId": "/@clack/prompts/0.6.3",
      "name": "sisteransi",
      "rawSpec": "^1.0.5"
    }
  },
  "18 debug pnpm:progress": {
    "packageId": "registry.npmjs.org/sisteransi/1.0.5",
    "requester": "D:\\.pnpm-store\\v3\\tmp\\dlx-7596",
    "status": "resolved"
  },
  "19 debug pnpm:progress": {
    "packageId": "registry.npmjs.org/sisteransi/1.0.5",
    "requester": "D:\\.pnpm-store\\v3\\tmp\\dlx-7596",
    "status": "found_in_store"
  },
  "20 debug pnpm:_dependency_resolved": {
    "resolution": "registry.npmjs.org/@clack/core/0.3.2",
    "wanted": {
      "dependentId": "/@clack/prompts/0.6.3",
      "name": "@clack/core",
      "rawSpec": "^0.3.2"
    }
  },
  "21 debug pnpm:progress": {
    "packageId": "registry.npmjs.org/@clack/core/0.3.2",
    "requester": "D:\\.pnpm-store\\v3\\tmp\\dlx-7596",
    "status": "resolved"
  },
  "22 debug pnpm:_dependency_resolved": {
    "resolution": "registry.npmjs.org/picocolors/1.0.0",
    "wanted": {
      "dependentId": "/@clack/core/0.3.2",
      "name": "picocolors",
      "rawSpec": "^1.0.0"
    }
  },
  "23 debug pnpm:_dependency_resolved": {
    "resolution": "registry.npmjs.org/sisteransi/1.0.5",
    "wanted": {
      "dependentId": "/@clack/core/0.3.2",
      "name": "sisteransi",
      "rawSpec": "^1.0.5"
    }
  },
  "24 debug pnpm:package-manifest": {
    "prefix": "D:\\.pnpm-store\\v3\\tmp\\dlx-7596",
    "updated": {
      "dependencies": {
        "create-svelte": "^4.2.0"
      }
    }
  },
  "25 debug pnpm:package-manifest": {
    "prefix": "D:\\.pnpm-store\\v3\\tmp\\dlx-7596",
    "updated": {
      "dependencies": {
        "create-svelte": "^4.2.0"
      }
    }
  },
  "26 debug pnpm:stage": {
    "prefix": "D:\\.pnpm-store\\v3\\tmp\\dlx-7596",
    "stage": "resolution_done"
  },
  "27 debug pnpm:stats": {
    "prefix": "D:\\.pnpm-store\\v3\\tmp\\dlx-7596",
    "removed": 0
  },
  "28 debug pnpm:stage": {
    "prefix": "D:\\.pnpm-store\\v3\\tmp\\dlx-7596",
    "stage": "importing_started"
  },
  "29 debug pnpm:stats": {
    "added": 6,
    "prefix": "D:\\.pnpm-store\\v3\\tmp\\dlx-7596"
  },
  "30 debug pnpm:link": {
    "target": "D:\\.pnpm-store\\v3\\tmp\\dlx-7596\\node_modules\\.pnpm\\@clack+prompts@0.6.3\\node_modules\\@clack\\prompts",
    "link": "D:\\.pnpm-store\\v3\\tmp\\dlx-7596\\node_modules\\.pnpm\\create-svelte@4.2.0\\node_modules\\@clack\\prompts"
  },
  "31 debug pnpm:link": {
    "target": "D:\\.pnpm-store\\v3\\tmp\\dlx-7596\\node_modules\\.pnpm\\kleur@4.1.5\\node_modules\\kleur",
    "link": "D:\\.pnpm-store\\v3\\tmp\\dlx-7596\\node_modules\\.pnpm\\create-svelte@4.2.0\\node_modules\\kleur"
  },
  "32 debug pnpm:link": {
    "target": "D:\\.pnpm-store\\v3\\tmp\\dlx-7596\\node_modules\\.pnpm\\@clack+core@0.3.2\\node_modules\\@clack\\core",
    "link": "D:\\.pnpm-store\\v3\\tmp\\dlx-7596\\node_modules\\.pnpm\\@clack+prompts@0.6.3\\node_modules\\@clack\\core"
  },
  "33 debug pnpm:link": {
    "target": "D:\\.pnpm-store\\v3\\tmp\\dlx-7596\\node_modules\\.pnpm\\picocolors@1.0.0\\node_modules\\picocolors",
    "link": "D:\\.pnpm-store\\v3\\tmp\\dlx-7596\\node_modules\\.pnpm\\@clack+prompts@0.6.3\\node_modules\\picocolors"
  },
  "34 debug pnpm:link": {
    "target": "D:\\.pnpm-store\\v3\\tmp\\dlx-7596\\node_modules\\.pnpm\\sisteransi@1.0.5\\node_modules\\sisteransi",
    "link": "D:\\.pnpm-store\\v3\\tmp\\dlx-7596\\node_modules\\.pnpm\\@clack+prompts@0.6.3\\node_modules\\sisteransi"
  },
  "35 debug pnpm:link": {
    "target": "D:\\.pnpm-store\\v3\\tmp\\dlx-7596\\node_modules\\.pnpm\\picocolors@1.0.0\\node_modules\\picocolors",
    "link": "D:\\.pnpm-store\\v3\\tmp\\dlx-7596\\node_modules\\.pnpm\\@clack+core@0.3.2\\node_modules\\picocolors"
  },
  "36 debug pnpm:link": {
    "target": "D:\\.pnpm-store\\v3\\tmp\\dlx-7596\\node_modules\\.pnpm\\sisteransi@1.0.5\\node_modules\\sisteransi",
    "link": "D:\\.pnpm-store\\v3\\tmp\\dlx-7596\\node_modules\\.pnpm\\@clack+core@0.3.2\\node_modules\\sisteransi"
  },
  "37 debug pnpm:progress": {
    "packageId": "registry.npmjs.org/@clack/core/0.3.2",
    "requester": "D:\\.pnpm-store\\v3\\tmp\\dlx-7596",
    "status": "found_in_store"
  },
  "38 debug pnpm:package-import-method": {
    "method": "hardlink"
  },
  "39 debug pnpm:progress": {
    "method": "hardlink",
    "requester": "D:\\.pnpm-store\\v3\\tmp\\dlx-7596",
    "status": "imported",
    "to": "D:\\.pnpm-store\\v3\\tmp\\dlx-7596\\node_modules\\.pnpm\\picocolors@1.0.0\\node_modules\\picocolors"
  },
  "40 debug pnpm:package-import-method": {
    "method": "hardlink"
  },
  "41 debug pnpm:progress": {
    "method": "hardlink",
    "requester": "D:\\.pnpm-store\\v3\\tmp\\dlx-7596",
    "status": "imported",
    "to": "D:\\.pnpm-store\\v3\\tmp\\dlx-7596\\node_modules\\.pnpm\\kleur@4.1.5\\node_modules\\kleur"
  },
  "42 debug pnpm:package-import-method": {
    "method": "hardlink"
  },
  "43 debug pnpm:progress": {
    "method": "hardlink",
    "requester": "D:\\.pnpm-store\\v3\\tmp\\dlx-7596",
    "status": "imported",
    "to": "D:\\.pnpm-store\\v3\\tmp\\dlx-7596\\node_modules\\.pnpm\\sisteransi@1.0.5\\node_modules\\sisteransi"
  },
  "44 debug pnpm:package-import-method": {
    "method": "hardlink"
  },
  "45 debug pnpm:progress": {
    "method": "hardlink",
    "requester": "D:\\.pnpm-store\\v3\\tmp\\dlx-7596",
    "status": "imported",
    "to": "D:\\.pnpm-store\\v3\\tmp\\dlx-7596\\node_modules\\.pnpm\\@clack+core@0.3.2\\node_modules\\@clack\\core"
  },
  "46 debug pnpm:package-import-method": {
    "method": "hardlink"
  },
  "47 debug pnpm:progress": {
    "method": "hardlink",
    "requester": "D:\\.pnpm-store\\v3\\tmp\\dlx-7596",
    "status": "imported",
    "to": "D:\\.pnpm-store\\v3\\tmp\\dlx-7596\\node_modules\\.pnpm\\@clack+prompts@0.6.3\\node_modules\\@clack\\prompts"
  },
  "48 debug pnpm:package-import-method": {
    "method": "hardlink"
  },
  "49 debug pnpm:progress": {
    "method": "hardlink",
    "requester": "D:\\.pnpm-store\\v3\\tmp\\dlx-7596",
    "status": "imported",
    "to": "D:\\.pnpm-store\\v3\\tmp\\dlx-7596\\node_modules\\.pnpm\\create-svelte@4.2.0\\node_modules\\create-svelte"
  },
  "50 debug pnpm:stage": {
    "prefix": "D:\\.pnpm-store\\v3\\tmp\\dlx-7596",
    "stage": "importing_done"
  },
  "51 debug pnpm:link": {
    "target": "D:\\.pnpm-store\\v3\\tmp\\dlx-7596\\node_modules\\.pnpm\\create-svelte@4.2.0\\node_modules\\create-svelte",
    "link": "D:\\.pnpm-store\\v3\\tmp\\dlx-7596\\node_modules\\create-svelte"
  },
  "52 debug pnpm:root": {
    "added": {
      "dependencyType": "prod",
      "id": "registry.npmjs.org/create-svelte/4.2.0",
      "name": "create-svelte",
      "realName": "create-svelte",
      "version": "4.2.0"
    },
    "prefix": "D:\\.pnpm-store\\v3\\tmp\\dlx-7596"
  },
  "53 debug pnpm:link": {
    "target": "D:\\.pnpm-store\\v3\\tmp\\dlx-7596\\node_modules\\.pnpm\\@clack+prompts@0.6.3\\node_modules\\@clack\\prompts",
    "link": "D:\\.pnpm-store\\v3\\tmp\\dlx-7596\\node_modules\\.pnpm\\node_modules\\@clack\\prompts"
  },
  "54 debug pnpm:link": {
    "target": "D:\\.pnpm-store\\v3\\tmp\\dlx-7596\\node_modules\\.pnpm\\kleur@4.1.5\\node_modules\\kleur",
    "link": "D:\\.pnpm-store\\v3\\tmp\\dlx-7596\\node_modules\\.pnpm\\node_modules\\kleur"
  },
  "55 debug pnpm:link": {
    "target": "D:\\.pnpm-store\\v3\\tmp\\dlx-7596\\node_modules\\.pnpm\\@clack+core@0.3.2\\node_modules\\@clack\\core",
    "link": "D:\\.pnpm-store\\v3\\tmp\\dlx-7596\\node_modules\\.pnpm\\node_modules\\@clack\\core"
  },
  "56 debug pnpm:link": {
    "target": "D:\\.pnpm-store\\v3\\tmp\\dlx-7596\\node_modules\\.pnpm\\picocolors@1.0.0\\node_modules\\picocolors",
    "link": "D:\\.pnpm-store\\v3\\tmp\\dlx-7596\\node_modules\\.pnpm\\node_modules\\picocolors"
  },
  "57 debug pnpm:link": {
    "target": "D:\\.pnpm-store\\v3\\tmp\\dlx-7596\\node_modules\\.pnpm\\sisteransi@1.0.5\\node_modules\\sisteransi",
    "link": "D:\\.pnpm-store\\v3\\tmp\\dlx-7596\\node_modules\\.pnpm\\node_modules\\sisteransi"
  },
  "58 debug pnpm:summary": {
    "prefix": "D:\\.pnpm-store\\v3\\tmp\\dlx-7596"
  },
  "59 error pnpm": {
    "shortMessage": "Command failed with exit code 1: D:\\.pnpm-store\\v3\\tmp\\dlx-7596\\node_modules\\.bin\\create-svelte.CMD .",
    "command": "D:\\.pnpm-store\\v3\\tmp\\dlx-7596\\node_modules\\.bin\\create-svelte.CMD .",
    "escapedCommand": "\"D:\\.pnpm-store\\v3\\tmp\\dlx-7596\\node_modules\\.bin\\create-svelte.CMD\" .",
    "exitCode": 1,
    "failed": true,
    "timedOut": false,
    "isCanceled": false,
    "killed": false,
    "err": {
      "name": "pnpm",
      "message": "Command failed with exit code 1: D:\\.pnpm-store\\v3\\tmp\\dlx-7596\\node_modules\\.bin\\create-svelte.CMD .",
      "stack": "pnpm: Command failed with exit code 1: D:\\.pnpm-store\\v3\\tmp\\dlx-7596\\node_modules\\.bin\\create-svelte.CMD .\n    at makeError (C:\\snapshot\\dist\\pnpm.cjs)\n    at handlePromise (C:\\snapshot\\dist\\pnpm.cjs)\n    at processTicksAndRejections (internal/process/task_queues.js:95:5)\n    at async Object.handler (C:\\snapshot\\dist\\pnpm.cjs)\n    at async C:\\snapshot\\dist\\pnpm.cjs\n    at async run (C:\\snapshot\\dist\\pnpm.cjs)\n    at async runPnpm (C:\\snapshot\\dist\\pnpm.cjs)\n    at async C:\\snapshot\\dist\\pnpm.cjs"
    }
  }
}